---------------------------------------------------------------
[ 2019-03-18T14:27:29+08:00 ] 113.246.104.74 GET tp.74kd.cn/wap
[运行时间：0.626176s] [吞吐率：1.60req/s] [内存消耗：2,292.16kb] [文件加载：60]
[ info ] [ LANG ] /www2/wwwroot/Zhu/CRMEB/thinkphp/lang/zh-cn.php
[ info ] [ ROUTE ] array (
  'type' => 'module',
  'module' => 
  array (
    0 => 'wap',
    1 => NULL,
    2 => NULL,
  ),
)
[ info ] [ HEADER ] array (
  'connection' => 'keep-alive',
  'accept-encoding' => 'gzip, deflate',
  'accept-language' => 'zh-cn',
  'user-agent' => 'Mozilla/5.0 (iPhone; CPU iPhone OS 12_1 like Mac OS X) AppleWebKit/605.1.15 (KHTML, like Gecko) Mobile/16B92 MicroMessenger/7.0.0(0x17000024) NetType/WIFI Language/zh_CN',
  'cookie' => 'Hm_lvt_bfc6c23974fbad0bbfed25f88a973fb0=1552659229,1552746485; Hm_lvt_f5df380d5163c1cc4823c8d33ec5fa49=1552659229,1552746485',
  'upgrade-insecure-requests' => '1',
  'accept' => 'text/html,application/xhtml+xml,application/xml;q=0.9,*/*;q=0.8',
  'host' => 'tp.74kd.cn',
)
[ info ] [ PARAM ] array (
)
[ info ] [ BEHAVIOR ] Run behavior\wap\WapBehavior @wap_init [ RunTime:0.000020s ]
[ info ] [ SESSION ] INIT array (
  'prefix' => 'wap',
  'type' => '',
  'auto_start' => true,
)
[ info ] [ LOG ] INIT File
---------------------------------------------------------------
[ 2019-03-18T14:27:31+08:00 ] 113.246.104.74 GET tp.74kd.cn/wap/login/index/ref/aHR0cDovL3RwLjc0a2QuY24vd2Fw.html
[运行时间：0.877310s] [吞吐率：1.14req/s] [内存消耗：5,016.45kb] [文件加载：157]
[ info ] [ LANG ] /www2/wwwroot/Zhu/CRMEB/thinkphp/lang/zh-cn.php
[ info ] [ ROUTE ] array (
  'type' => 'module',
  'module' => 
  array (
    0 => 'wap',
    1 => 'login',
    2 => 'index',
  ),
)
[ info ] [ HEADER ] array (
  'connection' => 'keep-alive',
  'accept-encoding' => 'gzip, deflate',
  'accept-language' => 'zh-cn',
  'user-agent' => 'Mozilla/5.0 (iPhone; CPU iPhone OS 12_1 like Mac OS X) AppleWebKit/605.1.15 (KHTML, like Gecko) Mobile/16B92 MicroMessenger/7.0.0(0x17000024) NetType/WIFI Language/zh_CN',
  'cookie' => 'PHPSESSID=9j0to0t9e0eitmb9jejuj0sdd7; is_login=0; Hm_lvt_bfc6c23974fbad0bbfed25f88a973fb0=1552659229,1552746485; Hm_lvt_f5df380d5163c1cc4823c8d33ec5fa49=1552659229,1552746485',
  'upgrade-insecure-requests' => '1',
  'accept' => 'text/html,application/xhtml+xml,application/xml;q=0.9,*/*;q=0.8',
  'host' => 'tp.74kd.cn',
)
[ info ] [ PARAM ] array (
  'ref' => 'aHR0cDovL3RwLjc0a2QuY24vd2Fw',
)
[ info ] [ BEHAVIOR ] Run behavior\wap\WapBehavior @wap_init [ RunTime:0.000018s ]
[ info ] [ RUN ] app\wap\controller\Login->index[ /www2/wwwroot/Zhu/CRMEB/application/wap/controller/Login.php ]
[ info ] [ SESSION ] INIT array (
  'prefix' => 'wap',
  'type' => '',
  'auto_start' => true,
)
[ info ] [ DB ] INIT mysql
[ info ] [ LOG ] INIT File
---------------------------------------------------------------
[ 2019-03-18T14:27:33+08:00 ] 113.246.104.74 GET tp.74kd.cn/wap/login/index/ref/aHR0cDovL3RwLjc0a2QuY24vd2Fw.html?code=0011DSKV1etJgZ073tKV1ByWKV11DSKR&state=849df04d2fc9532081f20bb99353769c
[运行时间：1.016252s] [吞吐率：0.98req/s] [内存消耗：5,210.43kb] [文件加载：180]
[ info ] [ LANG ] /www2/wwwroot/Zhu/CRMEB/thinkphp/lang/zh-cn.php
[ info ] [ ROUTE ] array (
  'type' => 'module',
  'module' => 
  array (
    0 => 'wap',
    1 => 'login',
    2 => 'index',
  ),
)
[ info ] [ HEADER ] array (
  'connection' => 'keep-alive',
  'accept-encoding' => 'gzip, deflate',
  'accept-language' => 'zh-cn',
  'user-agent' => 'Mozilla/5.0 (iPhone; CPU iPhone OS 12_1 like Mac OS X) AppleWebKit/605.1.15 (KHTML, like Gecko) Mobile/16B92 MicroMessenger/7.0.0(0x17000024) NetType/WIFI Language/zh_CN',
  'cookie' => '_oen=1; is_bg=1; PHPSESSID=9j0to0t9e0eitmb9jejuj0sdd7; Hm_lvt_bfc6c23974fbad0bbfed25f88a973fb0=1552659229,1552746485; Hm_lvt_f5df380d5163c1cc4823c8d33ec5fa49=1552659229,1552746485',
  'upgrade-insecure-requests' => '1',
  'accept' => 'text/html,application/xhtml+xml,application/xml;q=0.9,*/*;q=0.8',
  'host' => 'tp.74kd.cn',
)
[ info ] [ PARAM ] array (
  'code' => '0011DSKV1etJgZ073tKV1ByWKV11DSKR',
  'state' => '849df04d2fc9532081f20bb99353769c',
  'ref' => 'aHR0cDovL3RwLjc0a2QuY24vd2Fw',
)
[ info ] [ BEHAVIOR ] Run behavior\wap\WapBehavior @wap_init [ RunTime:0.000013s ]
[ info ] [ RUN ] app\wap\controller\Login->index[ /www2/wwwroot/Zhu/CRMEB/application/wap/controller/Login.php ]
[ info ] [ SESSION ] INIT array (
  'prefix' => 'wap',
  'type' => '',
  'auto_start' => true,
)
[ info ] [ DB ] INIT mysql
[ info ] [ CACHE ] INIT File
[ info ] [ BEHAVIOR ] Run behavior\wechat\UserBehavior @wechat_oauth_after [ RunTime:0.116192s ]
[ info ] [ LOG ] INIT File
---------------------------------------------------------------
[ 2019-03-18T14:27:33+08:00 ] 113.246.104.74 GET tp.74kd.cn/wap
[运行时间：0.494224s] [吞吐率：2.02req/s] [内存消耗：4,889.71kb] [文件加载：159]
[ info ] [ LANG ] /www2/wwwroot/Zhu/CRMEB/thinkphp/lang/zh-cn.php
[ info ] [ ROUTE ] array (
  'type' => 'module',
  'module' => 
  array (
    0 => 'wap',
    1 => NULL,
    2 => NULL,
  ),
)
[ info ] [ HEADER ] array (
  'connection' => 'keep-alive',
  'accept-encoding' => 'gzip, deflate',
  'accept-language' => 'zh-cn',
  'user-agent' => 'Mozilla/5.0 (iPhone; CPU iPhone OS 12_1 like Mac OS X) AppleWebKit/605.1.15 (KHTML, like Gecko) Mobile/16B92 MicroMessenger/7.0.0(0x17000024) NetType/WIFI Language/zh_CN',
  'cookie' => 'is_bg=1; is_login=1; PHPSESSID=9j0to0t9e0eitmb9jejuj0sdd7; Hm_lvt_bfc6c23974fbad0bbfed25f88a973fb0=1552659229,1552746485; Hm_lvt_f5df380d5163c1cc4823c8d33ec5fa49=1552659229,1552746485',
  'upgrade-insecure-requests' => '1',
  'accept' => 'text/html,application/xhtml+xml,application/xml;q=0.9,*/*;q=0.8',
  'host' => 'tp.74kd.cn',
)
[ info ] [ PARAM ] array (
)
[ info ] [ BEHAVIOR ] Run behavior\wap\WapBehavior @wap_init [ RunTime:0.000015s ]
[ info ] [ SESSION ] INIT array (
  'prefix' => 'wap',
  'type' => '',
  'auto_start' => true,
)
[ info ] [ CACHE ] INIT File
[ info ] [ DB ] INIT mysql
[ info ] [ RUN ] app\wap\controller\Index->index[ /www2/wwwroot/Zhu/CRMEB/application/wap/controller/Index.php ]
[ info ] [ VIEW ] /www2/wwwroot/Zhu/CRMEB/application/wap/view/first/index/index.html [ array (
  0 => 'userInfo',
  1 => 'banner',
  2 => 'menus',
  3 => 'roll_news',
  4 => 'category',
  5 => 'pinkImage',
  6 => 'notice',
  7 => 'storeSeckill',
  8 => 'storePink',
) ]
[ info ] [ LOG ] INIT File
---------------------------------------------------------------
[ 2019-03-18T14:27:35+08:00 ] 113.246.104.74 GET tp.74kd.cn/index.php/wap/public_api/get_product_list/first/0/limit/4/type/is_hot
[运行时间：0.020839s] [吞吐率：47.99req/s] [内存消耗：1,497.26kb] [文件加载：39]
[ info ] [ LANG ] /www2/wwwroot/Zhu/CRMEB/thinkphp/lang/zh-cn.php
[ info ] [ ROUTE ] array (
  'type' => 'module',
  'module' => 
  array (
    0 => 'wap',
    1 => 'public_api',
    2 => 'get_product_list',
  ),
)
[ info ] [ HEADER ] array (
  'x-requested-with' => 'XMLHttpRequest',
  'accept-language' => 'zh-cn',
  'referer' => 'http://tp.74kd.cn/wap',
  'user-agent' => 'Mozilla/5.0 (iPhone; CPU iPhone OS 12_1 like Mac OS X) AppleWebKit/605.1.15 (KHTML, like Gecko) Mobile/16B92 MicroMessenger/7.0.0(0x17000024) NetType/WIFI Language/zh_CN',
  'accept' => 'application/json, text/plain, */*',
  'connection' => 'keep-alive',
  'cookie' => 'is_bg=1; is_login=1; PHPSESSID=9j0to0t9e0eitmb9jejuj0sdd7; Hm_lvt_bfc6c23974fbad0bbfed25f88a973fb0=1552659229,1552746485; Hm_lvt_f5df380d5163c1cc4823c8d33ec5fa49=1552659229,1552746485',
  'accept-encoding' => 'gzip, deflate',
  'host' => 'tp.74kd.cn',
)
[ info ] [ PARAM ] array (
  'first' => '0',
  'limit' => '4',
  'type' => 'is_hot',
)
[ info ] [ RUN ] app\wap\controller\PublicApi->get_product_list[ /www2/wwwroot/Zhu/CRMEB/application/wap/controller/PublicApi.php ]
[ info ] [ LOG ] INIT File
---------------------------------------------------------------
[ 2019-03-18T14:27:35+08:00 ] 113.246.104.74 GET tp.74kd.cn/index.php/wap/auth_api/get_issue_coupon_list/limit/4
[运行时间：0.061980s] [吞吐率：16.13req/s] [内存消耗：3,293.01kb] [文件加载：68]
[ info ] [ LANG ] /www2/wwwroot/Zhu/CRMEB/thinkphp/lang/zh-cn.php
[ info ] [ ROUTE ] array (
  'type' => 'module',
  'module' => 
  array (
    0 => 'wap',
    1 => 'auth_api',
    2 => 'get_issue_coupon_list',
  ),
)
[ info ] [ HEADER ] array (
  'x-requested-with' => 'XMLHttpRequest',
  'accept-language' => 'zh-cn',
  'referer' => 'http://tp.74kd.cn/wap',
  'user-agent' => 'Mozilla/5.0 (iPhone; CPU iPhone OS 12_1 like Mac OS X) AppleWebKit/605.1.15 (KHTML, like Gecko) Mobile/16B92 MicroMessenger/7.0.0(0x17000024) NetType/WIFI Language/zh_CN',
  'accept' => 'application/json, text/plain, */*',
  'connection' => 'keep-alive',
  'cookie' => 'is_bg=1; is_login=1; PHPSESSID=9j0to0t9e0eitmb9jejuj0sdd7; Hm_lvt_bfc6c23974fbad0bbfed25f88a973fb0=1552659229,1552746485; Hm_lvt_f5df380d5163c1cc4823c8d33ec5fa49=1552659229,1552746485',
  'accept-encoding' => 'gzip, deflate',
  'host' => 'tp.74kd.cn',
)
[ info ] [ PARAM ] array (
  'limit' => '4',
)
[ info ] [ BEHAVIOR ] Run behavior\wap\WapBehavior @wap_init [ RunTime:0.000018s ]
[ info ] [ SESSION ] INIT array (
  'prefix' => 'wap',
  'type' => '',
  'auto_start' => true,
)
[ info ] [ CACHE ] INIT File
[ info ] [ DB ] INIT mysql
[ info ] [ RUN ] app\wap\controller\AuthApi->get_issue_coupon_list[ /www2/wwwroot/Zhu/CRMEB/application/wap/controller/AuthApi.php ]
[ info ] [ LOG ] INIT File
---------------------------------------------------------------
[ 2019-03-18T14:27:35+08:00 ] 113.246.104.74 GET tp.74kd.cn/index.php/wap/public_api/get_product_list/first/0/limit/4/type/is_benefit
[运行时间：0.018080s] [吞吐率：55.31req/s] [内存消耗：1,497.28kb] [文件加载：39]
[ info ] [ LANG ] /www2/wwwroot/Zhu/CRMEB/thinkphp/lang/zh-cn.php
[ info ] [ ROUTE ] array (
  'type' => 'module',
  'module' => 
  array (
    0 => 'wap',
    1 => 'public_api',
    2 => 'get_product_list',
  ),
)
[ info ] [ HEADER ] array (
  'x-requested-with' => 'XMLHttpRequest',
  'accept-language' => 'zh-cn',
  'referer' => 'http://tp.74kd.cn/wap',
  'user-agent' => 'Mozilla/5.0 (iPhone; CPU iPhone OS 12_1 like Mac OS X) AppleWebKit/605.1.15 (KHTML, like Gecko) Mobile/16B92 MicroMessenger/7.0.0(0x17000024) NetType/WIFI Language/zh_CN',
  'accept' => 'application/json, text/plain, */*',
  'connection' => 'keep-alive',
  'cookie' => 'is_bg=1; is_login=1; PHPSESSID=9j0to0t9e0eitmb9jejuj0sdd7; Hm_lvt_bfc6c23974fbad0bbfed25f88a973fb0=1552659229,1552746485; Hm_lvt_f5df380d5163c1cc4823c8d33ec5fa49=1552659229,1552746485',
  'accept-encoding' => 'gzip, deflate',
  'host' => 'tp.74kd.cn',
)
[ info ] [ PARAM ] array (
  'first' => '0',
  'limit' => '4',
  'type' => 'is_benefit',
)
[ info ] [ RUN ] app\wap\controller\PublicApi->get_product_list[ /www2/wwwroot/Zhu/CRMEB/application/wap/controller/PublicApi.php ]
[ info ] [ LOG ] INIT File
---------------------------------------------------------------
[ 2019-03-18T14:27:35+08:00 ] 113.246.104.74 GET tp.74kd.cn/index.php/wap/public_api/get_product_list/first/0/limit/4/type/is_new
[运行时间：0.015656s] [吞吐率：63.87req/s] [内存消耗：1,497.26kb] [文件加载：39]
[ info ] [ LANG ] /www2/wwwroot/Zhu/CRMEB/thinkphp/lang/zh-cn.php
[ info ] [ ROUTE ] array (
  'type' => 'module',
  'module' => 
  array (
    0 => 'wap',
    1 => 'public_api',
    2 => 'get_product_list',
  ),
)
[ info ] [ HEADER ] array (
  'x-requested-with' => 'XMLHttpRequest',
  'accept-language' => 'zh-cn',
  'referer' => 'http://tp.74kd.cn/wap',
  'user-agent' => 'Mozilla/5.0 (iPhone; CPU iPhone OS 12_1 like Mac OS X) AppleWebKit/605.1.15 (KHTML, like Gecko) Mobile/16B92 MicroMessenger/7.0.0(0x17000024) NetType/WIFI Language/zh_CN',
  'accept' => 'application/json, text/plain, */*',
  'connection' => 'keep-alive',
  'cookie' => 'is_bg=1; is_login=1; PHPSESSID=9j0to0t9e0eitmb9jejuj0sdd7; Hm_lvt_bfc6c23974fbad0bbfed25f88a973fb0=1552659229,1552746485; Hm_lvt_f5df380d5163c1cc4823c8d33ec5fa49=1552659229,1552746485',
  'accept-encoding' => 'gzip, deflate',
  'host' => 'tp.74kd.cn',
)
[ info ] [ PARAM ] array (
  'first' => '0',
  'limit' => '4',
  'type' => 'is_new',
)
[ info ] [ RUN ] app\wap\controller\PublicApi->get_product_list[ /www2/wwwroot/Zhu/CRMEB/application/wap/controller/PublicApi.php ]
[ info ] [ LOG ] INIT File
---------------------------------------------------------------
[ 2019-03-18T14:27:35+08:00 ] 113.246.104.74 GET tp.74kd.cn/index.php/wap/public_api/get_pink_host/limit/2
[运行时间：0.029397s] [吞吐率：34.02req/s] [内存消耗：2,595.51kb] [文件加载：50]
[ info ] [ LANG ] /www2/wwwroot/Zhu/CRMEB/thinkphp/lang/zh-cn.php
[ info ] [ ROUTE ] array (
  'type' => 'module',
  'module' => 
  array (
    0 => 'wap',
    1 => 'public_api',
    2 => 'get_pink_host',
  ),
)
[ info ] [ HEADER ] array (
  'x-requested-with' => 'XMLHttpRequest',
  'accept-language' => 'zh-cn',
  'referer' => 'http://tp.74kd.cn/wap',
  'user-agent' => 'Mozilla/5.0 (iPhone; CPU iPhone OS 12_1 like Mac OS X) AppleWebKit/605.1.15 (KHTML, like Gecko) Mobile/16B92 MicroMessenger/7.0.0(0x17000024) NetType/WIFI Language/zh_CN',
  'accept' => 'application/json, text/plain, */*',
  'connection' => 'keep-alive',
  'cookie' => 'is_bg=1; is_login=1; PHPSESSID=9j0to0t9e0eitmb9jejuj0sdd7; Hm_lvt_bfc6c23974fbad0bbfed25f88a973fb0=1552659229,1552746485; Hm_lvt_f5df380d5163c1cc4823c8d33ec5fa49=1552659229,1552746485',
  'accept-encoding' => 'gzip, deflate',
  'host' => 'tp.74kd.cn',
)
[ info ] [ PARAM ] array (
  'limit' => '2',
)
[ info ] [ RUN ] app\wap\controller\PublicApi->get_pink_host[ /www2/wwwroot/Zhu/CRMEB/application/wap/controller/PublicApi.php ]
[ info ] [ DB ] INIT mysql
[ info ] [ LOG ] INIT File
---------------------------------------------------------------
[ 2019-03-18T14:27:35+08:00 ] 113.246.104.74 GET tp.74kd.cn/index.php/wap/public_api/get_category_product_list/limit/4
[运行时间：0.036161s] [吞吐率：27.65req/s] [内存消耗：2,617.69kb] [文件加载：51]
[ info ] [ LANG ] /www2/wwwroot/Zhu/CRMEB/thinkphp/lang/zh-cn.php
[ info ] [ ROUTE ] array (
  'type' => 'module',
  'module' => 
  array (
    0 => 'wap',
    1 => 'public_api',
    2 => 'get_category_product_list',
  ),
)
[ info ] [ HEADER ] array (
  'x-requested-with' => 'XMLHttpRequest',
  'accept-language' => 'zh-cn',
  'referer' => 'http://tp.74kd.cn/wap',
  'user-agent' => 'Mozilla/5.0 (iPhone; CPU iPhone OS 12_1 like Mac OS X) AppleWebKit/605.1.15 (KHTML, like Gecko) Mobile/16B92 MicroMessenger/7.0.0(0x17000024) NetType/WIFI Language/zh_CN',
  'accept' => 'application/json, text/plain, */*',
  'connection' => 'keep-alive',
  'cookie' => 'is_bg=1; is_login=1; PHPSESSID=9j0to0t9e0eitmb9jejuj0sdd7; Hm_lvt_bfc6c23974fbad0bbfed25f88a973fb0=1552659229,1552746485; Hm_lvt_f5df380d5163c1cc4823c8d33ec5fa49=1552659229,1552746485',
  'accept-encoding' => 'gzip, deflate',
  'host' => 'tp.74kd.cn',
)
[ info ] [ PARAM ] array (
  'limit' => '4',
)
[ info ] [ RUN ] app\wap\controller\PublicApi->get_category_product_list[ /www2/wwwroot/Zhu/CRMEB/application/wap/controller/PublicApi.php ]
[ info ] [ DB ] INIT mysql
[ info ] [ LOG ] INIT File
---------------------------------------------------------------
[ 2019-03-18T14:27:35+08:00 ] 113.246.104.74 GET tp.74kd.cn/index.php/wap/public_api/get_product_list/first/0/limit/4/type/is_best
[运行时间：0.017467s] [吞吐率：57.25req/s] [内存消耗：1,497.26kb] [文件加载：39]
[ info ] [ LANG ] /www2/wwwroot/Zhu/CRMEB/thinkphp/lang/zh-cn.php
[ info ] [ ROUTE ] array (
  'type' => 'module',
  'module' => 
  array (
    0 => 'wap',
    1 => 'public_api',
    2 => 'get_product_list',
  ),
)
[ info ] [ HEADER ] array (
  'x-requested-with' => 'XMLHttpRequest',
  'accept-language' => 'zh-cn',
  'referer' => 'http://tp.74kd.cn/wap',
  'user-agent' => 'Mozilla/5.0 (iPhone; CPU iPhone OS 12_1 like Mac OS X) AppleWebKit/605.1.15 (KHTML, like Gecko) Mobile/16B92 MicroMessenger/7.0.0(0x17000024) NetType/WIFI Language/zh_CN',
  'accept' => 'application/json, text/plain, */*',
  'connection' => 'keep-alive',
  'cookie' => 'is_bg=1; is_login=1; PHPSESSID=9j0to0t9e0eitmb9jejuj0sdd7; Hm_lvt_bfc6c23974fbad0bbfed25f88a973fb0=1552659229,1552746485; Hm_lvt_f5df380d5163c1cc4823c8d33ec5fa49=1552659229,1552746485',
  'accept-encoding' => 'gzip, deflate',
  'host' => 'tp.74kd.cn',
)
[ info ] [ PARAM ] array (
  'first' => '0',
  'limit' => '4',
  'type' => 'is_best',
)
[ info ] [ RUN ] app\wap\controller\PublicApi->get_product_list[ /www2/wwwroot/Zhu/CRMEB/application/wap/controller/PublicApi.php ]
[ info ] [ LOG ] INIT File
---------------------------------------------------------------
[ 2019-03-18T14:27:36+08:00 ] 113.246.104.74 GET tp.74kd.cn/index.php/wap/public_api/get_best_product_list/first/0/limit/20
[运行时间：0.027399s] [吞吐率：36.50req/s] [内存消耗：2,600.22kb] [文件加载：50]
[ info ] [ LANG ] /www2/wwwroot/Zhu/CRMEB/thinkphp/lang/zh-cn.php
[ info ] [ ROUTE ] array (
  'type' => 'module',
  'module' => 
  array (
    0 => 'wap',
    1 => 'public_api',
    2 => 'get_best_product_list',
  ),
)
[ info ] [ HEADER ] array (
  'x-requested-with' => 'XMLHttpRequest',
  'accept-language' => 'zh-cn',
  'referer' => 'http://tp.74kd.cn/wap',
  'user-agent' => 'Mozilla/5.0 (iPhone; CPU iPhone OS 12_1 like Mac OS X) AppleWebKit/605.1.15 (KHTML, like Gecko) Mobile/16B92 MicroMessenger/7.0.0(0x17000024) NetType/WIFI Language/zh_CN',
  'accept' => 'application/json, text/plain, */*',
  'connection' => 'keep-alive',
  'cookie' => 'is_bg=1; is_login=1; PHPSESSID=9j0to0t9e0eitmb9jejuj0sdd7; Hm_lvt_bfc6c23974fbad0bbfed25f88a973fb0=1552659229,1552746485; Hm_lvt_f5df380d5163c1cc4823c8d33ec5fa49=1552659229,1552746485',
  'accept-encoding' => 'gzip, deflate',
  'host' => 'tp.74kd.cn',
)
[ info ] [ PARAM ] array (
  'first' => '0',
  'limit' => '20',
)
[ info ] [ RUN ] app\wap\controller\PublicApi->get_best_product_list[ /www2/wwwroot/Zhu/CRMEB/application/wap/controller/PublicApi.php ]
[ info ] [ DB ] INIT mysql
[ info ] [ LOG ] INIT File
---------------------------------------------------------------
[ 2019-03-18T14:27:41+08:00 ] 113.246.104.74 GET tp.74kd.cn/wap/my/index.html
[运行时间：0.083061s] [吞吐率：12.04req/s] [内存消耗：4,356.21kb] [文件加载：128]
[ info ] [ LANG ] /www2/wwwroot/Zhu/CRMEB/thinkphp/lang/zh-cn.php
[ info ] [ ROUTE ] array (
  'type' => 'module',
  'module' => 
  array (
    0 => 'wap',
    1 => 'my',
    2 => 'index',
  ),
)
[ info ] [ HEADER ] array (
  'accept-encoding' => 'gzip, deflate',
  'accept-language' => 'zh-cn',
  'referer' => 'http://tp.74kd.cn/wap',
  'user-agent' => 'Mozilla/5.0 (iPhone; CPU iPhone OS 12_1 like Mac OS X) AppleWebKit/605.1.15 (KHTML, like Gecko) Mobile/16B92 MicroMessenger/7.0.0(0x17000024) NetType/WIFI Language/zh_CN',
  'accept' => 'text/html,application/xhtml+xml,application/xml;q=0.9,*/*;q=0.8',
  'upgrade-insecure-requests' => '1',
  'connection' => 'keep-alive',
  'cookie' => 'is_bg=1; is_login=1; PHPSESSID=9j0to0t9e0eitmb9jejuj0sdd7; Hm_lvt_bfc6c23974fbad0bbfed25f88a973fb0=1552659229,1552746485; Hm_lvt_f5df380d5163c1cc4823c8d33ec5fa49=1552659229,1552746485',
  'host' => 'tp.74kd.cn',
)
[ info ] [ PARAM ] array (
)
[ info ] [ BEHAVIOR ] Run behavior\wap\WapBehavior @wap_init [ RunTime:0.000015s ]
[ info ] [ SESSION ] INIT array (
  'prefix' => 'wap',
  'type' => '',
  'auto_start' => true,
)
[ info ] [ CACHE ] INIT File
[ info ] [ DB ] INIT mysql
[ info ] [ RUN ] app\wap\controller\My->index[ /www2/wwwroot/Zhu/CRMEB/application/wap/controller/My.php ]
[ info ] [ VIEW ] /www2/wwwroot/Zhu/CRMEB/application/wap/view/first/my/index.html [ array (
  0 => 'userInfo',
  1 => 'menus',
  2 => 'orderStatusNum',
  3 => 'notice',
  4 => 'statu',
) ]
[ info ] [ LOG ] INIT File
---------------------------------------------------------------
[ 2019-03-18T14:27:43+08:00 ] 113.246.104.74 GET tp.74kd.cn/wap/my/order_list.html
[运行时间：0.075330s] [吞吐率：13.27req/s] [内存消耗：4,151.98kb] [文件加载：122]
[ info ] [ LANG ] /www2/wwwroot/Zhu/CRMEB/thinkphp/lang/zh-cn.php
[ info ] [ ROUTE ] array (
  'type' => 'module',
  'module' => 
  array (
    0 => 'wap',
    1 => 'my',
    2 => 'order_list',
  ),
)
[ info ] [ HEADER ] array (
  'accept-encoding' => 'gzip, deflate',
  'accept-language' => 'zh-cn',
  'referer' => 'http://tp.74kd.cn/wap/my/index.html',
  'user-agent' => 'Mozilla/5.0 (iPhone; CPU iPhone OS 12_1 like Mac OS X) AppleWebKit/605.1.15 (KHTML, like Gecko) Mobile/16B92 MicroMessenger/7.0.0(0x17000024) NetType/WIFI Language/zh_CN',
  'accept' => 'text/html,application/xhtml+xml,application/xml;q=0.9,*/*;q=0.8',
  'upgrade-insecure-requests' => '1',
  'connection' => 'keep-alive',
  'cookie' => 'is_bg=1; is_login=1; PHPSESSID=9j0to0t9e0eitmb9jejuj0sdd7; Hm_lvt_bfc6c23974fbad0bbfed25f88a973fb0=1552659229,1552746485; Hm_lvt_f5df380d5163c1cc4823c8d33ec5fa49=1552659229,1552746485',
  'host' => 'tp.74kd.cn',
)
[ info ] [ PARAM ] array (
)
[ info ] [ BEHAVIOR ] Run behavior\wap\WapBehavior @wap_init [ RunTime:0.000013s ]
[ info ] [ SESSION ] INIT array (
  'prefix' => 'wap',
  'type' => '',
  'auto_start' => true,
)
[ info ] [ CACHE ] INIT File
[ info ] [ DB ] INIT mysql
[ info ] [ RUN ] app\wap\controller\My->order_list[ /www2/wwwroot/Zhu/CRMEB/application/wap/controller/My.php ]
[ info ] [ VIEW ] /www2/wwwroot/Zhu/CRMEB/application/wap/view/first/my/order_list.html [ array (
  0 => 'userInfo',
) ]
[ info ] [ LOG ] INIT File
---------------------------------------------------------------
[ 2019-03-18T14:27:43+08:00 ] 113.246.104.74 GET tp.74kd.cn/index.php/wap/auth_api/get_user_order_list/type/1/first/0/limit/8/search/
[运行时间：0.058932s] [吞吐率：16.97req/s] [内存消耗：3,603.81kb] [文件加载：70]
[ info ] [ LANG ] /www2/wwwroot/Zhu/CRMEB/thinkphp/lang/zh-cn.php
[ info ] [ ROUTE ] array (
  'type' => 'module',
  'module' => 
  array (
    0 => 'wap',
    1 => 'auth_api',
    2 => 'get_user_order_list',
  ),
)
[ info ] [ HEADER ] array (
  'x-requested-with' => 'XMLHttpRequest',
  'accept-language' => 'zh-cn',
  'referer' => 'http://tp.74kd.cn/wap/my/order_list.html',
  'user-agent' => 'Mozilla/5.0 (iPhone; CPU iPhone OS 12_1 like Mac OS X) AppleWebKit/605.1.15 (KHTML, like Gecko) Mobile/16B92 MicroMessenger/7.0.0(0x17000024) NetType/WIFI Language/zh_CN',
  'accept' => 'application/json, text/plain, */*',
  'connection' => 'keep-alive',
  'cookie' => 'is_bg=1; is_login=1; PHPSESSID=9j0to0t9e0eitmb9jejuj0sdd7; Hm_lvt_bfc6c23974fbad0bbfed25f88a973fb0=1552659229,1552746485; Hm_lvt_f5df380d5163c1cc4823c8d33ec5fa49=1552659229,1552746485',
  'accept-encoding' => 'gzip, deflate',
  'host' => 'tp.74kd.cn',
)
[ info ] [ PARAM ] array (
  'type' => '1',
  'first' => '0',
  'limit' => '8',
)
[ info ] [ BEHAVIOR ] Run behavior\wap\WapBehavior @wap_init [ RunTime:0.000013s ]
[ info ] [ SESSION ] INIT array (
  'prefix' => 'wap',
  'type' => '',
  'auto_start' => true,
)
[ info ] [ CACHE ] INIT File
[ info ] [ DB ] INIT mysql
[ info ] [ RUN ] app\wap\controller\AuthApi->get_user_order_list[ /www2/wwwroot/Zhu/CRMEB/application/wap/controller/AuthApi.php ]
[ info ] [ LOG ] INIT File
---------------------------------------------------------------
[ 2019-03-18T14:28:27+08:00 ] 61.129.6.203 GET tp.74kd.cn/wap
[运行时间：0.278850s] [吞吐率：3.59req/s] [内存消耗：2,291.16kb] [文件加载：60]
[ info ] [ LANG ] /www2/wwwroot/Zhu/CRMEB/thinkphp/lang/zh-cn.php
[ info ] [ ROUTE ] array (
  'type' => 'module',
  'module' => 
  array (
    0 => 'wap',
    1 => NULL,
    2 => NULL,
  ),
)
[ info ] [ HEADER ] array (
  'connection' => 'keep-alive',
  'host' => 'tp.74kd.cn',
  'accept-language' => 'zh-CN,zh;q=0.8,en-US;q=0.6,en;q=0.4',
  'accept' => '*/*',
  'user-agent' => 'Mozilla/5.0 (iPhone; CPU iPhone OS 10_2_1 like Mac OS X) AppleWebKit/602.4.6 (KHTML, like Gecko) Mobile/14D27 MicroMessenger/6.5.5 NetType/WIFI Language/zh_CN',
)
[ info ] [ PARAM ] array (
)
[ info ] [ BEHAVIOR ] Run behavior\wap\WapBehavior @wap_init [ RunTime:0.000015s ]
[ info ] [ SESSION ] INIT array (
  'prefix' => 'wap',
  'type' => '',
  'auto_start' => true,
)
[ info ] [ LOG ] INIT File
---------------------------------------------------------------
[ 2019-03-18T14:28:29+08:00 ] 101.89.29.86 GET tp.74kd.cn/wap/login/index/ref/aHR0cDovL3RwLjc0a2QuY24vd2Fw.html
[运行时间：0.332813s] [吞吐率：3.00req/s] [内存消耗：5,012.73kb] [文件加载：157]
[ info ] [ LANG ] /www2/wwwroot/Zhu/CRMEB/thinkphp/lang/zh-cn.php
[ info ] [ ROUTE ] array (
  'type' => 'module',
  'module' => 
  array (
    0 => 'wap',
    1 => 'login',
    2 => 'index',
  ),
)
[ info ] [ HEADER ] array (
  'connection' => 'keep-alive',
  'host' => 'tp.74kd.cn',
  'accept-language' => 'zh-CN,zh;q=0.8,en-US;q=0.6,en;q=0.4',
  'accept' => '*/*',
  'user-agent' => 'Mozilla/5.0 (iPhone; CPU iPhone OS 10_2_1 like Mac OS X) AppleWebKit/602.4.6 (KHTML, like Gecko) Mobile/14D27 MicroMessenger/6.5.5 NetType/WIFI Language/zh_CN',
)
[ info ] [ PARAM ] array (
  'ref' => 'aHR0cDovL3RwLjc0a2QuY24vd2Fw',
)
[ info ] [ BEHAVIOR ] Run behavior\wap\WapBehavior @wap_init [ RunTime:0.000020s ]
[ info ] [ RUN ] app\wap\controller\Login->index[ /www2/wwwroot/Zhu/CRMEB/application/wap/controller/Login.php ]
[ info ] [ SESSION ] INIT array (
  'prefix' => 'wap',
  'type' => '',
  'auto_start' => true,
)
[ info ] [ DB ] INIT mysql
[ info ] [ LOG ] INIT File
---------------------------------------------------------------
[ 2019-03-18T14:28:40+08:00 ] 58.247.206.149 GET tp.74kd.cn/wap/my/index.html
[运行时间：0.028859s] [吞吐率：34.65req/s] [内存消耗：2,349.54kb] [文件加载：60]
[ info ] [ LANG ] /www2/wwwroot/Zhu/CRMEB/thinkphp/lang/zh-cn.php
[ info ] [ ROUTE ] array (
  'type' => 'module',
  'module' => 
  array (
    0 => 'wap',
    1 => 'my',
    2 => 'index',
  ),
)
[ info ] [ HEADER ] array (
  'connection' => 'keep-alive',
  'host' => 'tp.74kd.cn',
  'accept-language' => 'zh-CN,zh;q=0.8,en-US;q=0.6,en;q=0.4',
  'accept' => '*/*',
  'user-agent' => 'Mozilla/5.0 (Linux; Android 5.1.1; SM801 Build/LMY47V; wv) AppleWebKit/537.36 (KHTML, like Gecko) Version/4.0 Chrome/53.0.2785.49 Mobile MQQBrowser/6.2 TBS/043024 Safari/537.36 MicroMessenger/6.5.4.1000 NetType/4G Language/zh_CN',
)
[ info ] [ PARAM ] array (
)
[ info ] [ BEHAVIOR ] Run behavior\wap\WapBehavior @wap_init [ RunTime:0.000014s ]
[ info ] [ SESSION ] INIT array (
  'prefix' => 'wap',
  'type' => '',
  'auto_start' => true,
)
[ info ] [ LOG ] INIT File
---------------------------------------------------------------
[ 2019-03-18T14:28:43+08:00 ] 101.91.62.65 GET tp.74kd.cn/wap/my/order_list.html
[运行时间：0.043682s] [吞吐率：22.89req/s] [内存消耗：2,349.56kb] [文件加载：60]
[ info ] [ LANG ] /www2/wwwroot/Zhu/CRMEB/thinkphp/lang/zh-cn.php
[ info ] [ ROUTE ] array (
  'type' => 'module',
  'module' => 
  array (
    0 => 'wap',
    1 => 'my',
    2 => 'order_list',
  ),
)
[ info ] [ HEADER ] array (
  'connection' => 'keep-alive',
  'host' => 'tp.74kd.cn',
  'accept-language' => 'zh-CN,zh;q=0.8,en-US;q=0.6,en;q=0.4',
  'accept' => '*/*',
  'user-agent' => 'Mozilla/5.0 (Linux; Android 6.0.1; OPPO R9s Build/MMB29M) AppleWebKit/537.36 (KHTML, like Gecko) Version/4.0 Chrome/37.0.0.0 Mobile MQQBrowser/6.9 TBS/036906 Safari/537.36 MicroMessenger/6.5.4.1000 NetType/4G Language/zh_CN',
)
[ info ] [ PARAM ] array (
)
[ info ] [ BEHAVIOR ] Run behavior\wap\WapBehavior @wap_init [ RunTime:0.000014s ]
[ info ] [ SESSION ] INIT array (
  'prefix' => 'wap',
  'type' => '',
  'auto_start' => true,
)
[ info ] [ LOG ] INIT File
---------------------------------------------------------------
[ 2019-03-18T16:56:16+08:00 ] 119.39.90.30 GET tp.74kd.cn/
[运行时间：0.055797s] [吞吐率：17.92req/s] [内存消耗：2,362.34kb] [文件加载：55]
[ info ] [ LANG ] /www2/wwwroot/Zhu/CRMEB/thinkphp/lang/zh-cn.php
[ info ] [ ROUTE ] array (
  'type' => 'module',
  'module' => 
  array (
    0 => '',
    1 => NULL,
    2 => NULL,
  ),
)
[ info ] [ HEADER ] array (
  'accept-language' => 'zh-CN,zh;q=0.8',
  'accept-encoding' => 'gzip, deflate, sdch',
  'referer' => 'http://193.112.51.19:8888/site',
  'dnt' => '1',
  'accept' => 'text/html,application/xhtml+xml,application/xml;q=0.9,image/webp,*/*;q=0.8',
  'user-agent' => 'Mozilla/5.0 (Windows NT 10.0; WOW64) AppleWebKit/537.36 (KHTML, like Gecko) Chrome/58.0.3029.110 Safari/537.36 SE 2.X MetaSr 1.0',
  'upgrade-insecure-requests' => '1',
  'connection' => 'keep-alive',
  'host' => 'tp.74kd.cn',
)
[ info ] [ PARAM ] array (
)
[ info ] [ SESSION ] INIT array (
  'prefix' => 'admin',
  'type' => '',
  'auto_start' => true,
)
[ info ] [ LOG ] INIT File
---------------------------------------------------------------
[ 2019-03-18T16:56:17+08:00 ] 119.39.90.30 GET tp.74kd.cn/admin/login/index.html
[运行时间：0.033433s] [吞吐率：29.91req/s] [内存消耗：1,814.62kb] [文件加载：49]
[ info ] [ LANG ] /www2/wwwroot/Zhu/CRMEB/thinkphp/lang/zh-cn.php
[ info ] [ ROUTE ] array (
  'type' => 'module',
  'module' => 
  array (
    0 => 'admin',
    1 => 'login',
    2 => 'index',
  ),
)
[ info ] [ HEADER ] array (
  'cookie' => 'PHPSESSID=i5nc34lss9sqqaq992qs7cupb4',
  'accept-language' => 'zh-CN,zh;q=0.8',
  'accept-encoding' => 'gzip, deflate, sdch',
  'referer' => 'http://193.112.51.19:8888/site',
  'dnt' => '1',
  'accept' => 'text/html,application/xhtml+xml,application/xml;q=0.9,image/webp,*/*;q=0.8',
  'user-agent' => 'Mozilla/5.0 (Windows NT 10.0; WOW64) AppleWebKit/537.36 (KHTML, like Gecko) Chrome/58.0.3029.110 Safari/537.36 SE 2.X MetaSr 1.0',
  'upgrade-insecure-requests' => '1',
  'connection' => 'keep-alive',
  'host' => 'tp.74kd.cn',
)
[ info ] [ PARAM ] array (
)
[ info ] [ RUN ] app\admin\controller\Login->index[ /www2/wwwroot/Zhu/CRMEB/application/admin/controller/Login.php ]
[ info ] [ VIEW ] /www2/wwwroot/Zhu/CRMEB/application/admin/view/login/index.php [ array (
) ]
[ info ] [ LOG ] INIT File
---------------------------------------------------------------
[ 2019-03-18T16:56:17+08:00 ] 119.39.90.30 GET tp.74kd.cn/admin/login/captcha.html
[运行时间：0.064802s] [吞吐率：15.43req/s] [内存消耗：1,813.28kb] [文件加载：48]
[ info ] [ LANG ] /www2/wwwroot/Zhu/CRMEB/thinkphp/lang/zh-cn.php
[ info ] [ ROUTE ] array (
  'type' => 'module',
  'module' => 
  array (
    0 => 'admin',
    1 => 'login',
    2 => 'captcha',
  ),
)
[ info ] [ HEADER ] array (
  'cookie' => 'PHPSESSID=i5nc34lss9sqqaq992qs7cupb4',
  'accept-language' => 'zh-CN,zh;q=0.8',
  'accept-encoding' => 'gzip, deflate, sdch',
  'referer' => 'http://tp.74kd.cn/admin/login/index.html',
  'dnt' => '1',
  'accept' => 'image/webp,image/*,*/*;q=0.8',
  'user-agent' => 'Mozilla/5.0 (Windows NT 10.0; WOW64) AppleWebKit/537.36 (KHTML, like Gecko) Chrome/58.0.3029.110 Safari/537.36 SE 2.X MetaSr 1.0',
  'connection' => 'keep-alive',
  'host' => 'tp.74kd.cn',
)
[ info ] [ PARAM ] array (
)
[ info ] [ RUN ] app\admin\controller\Login->captcha[ /www2/wwwroot/Zhu/CRMEB/application/admin/controller/Login.php ]
[ info ] [ SESSION ] INIT array (
  'prefix' => 'admin',
  'type' => '',
  'auto_start' => true,
)
[ info ] [ LOG ] INIT File
---------------------------------------------------------------
[ 2019-03-18T16:57:16+08:00 ] 101.91.60.107 GET tp.74kd.cn/
[运行时间：0.038449s] [吞吐率：26.01req/s] [内存消耗：2,361.15kb] [文件加载：55]
[ info ] [ LANG ] /www2/wwwroot/Zhu/CRMEB/thinkphp/lang/zh-cn.php
[ info ] [ ROUTE ] array (
  'type' => 'module',
  'module' => 
  array (
    0 => '',
    1 => NULL,
    2 => NULL,
  ),
)
[ info ] [ HEADER ] array (
  'connection' => 'keep-alive',
  'host' => 'tp.74kd.cn',
  'accept-language' => 'zh-CN,zh;q=0.8,en-US;q=0.6,en;q=0.4',
  'referer' => '60D9E41C96FAF242CD119.39.90.30',
  'accept' => '*/*',
  'user-agent' => 'Mozilla/5.0 (Windows NT 6.1; WOW64) AppleWebKit/537.36 (KHTML, like Gecko) Chrome/43.0.2357.124 Safari/537.36',
)
[ info ] [ PARAM ] array (
)
[ info ] [ SESSION ] INIT array (
  'prefix' => 'admin',
  'type' => '',
  'auto_start' => true,
)
[ info ] [ LOG ] INIT File
---------------------------------------------------------------
[ 2019-03-18T16:57:17+08:00 ] 101.89.29.97 GET tp.74kd.cn/admin/login/index.html
[运行时间：0.021334s] [吞吐率：46.87req/s] [内存消耗：1,813.27kb] [文件加载：49]
[ info ] [ LANG ] /www2/wwwroot/Zhu/CRMEB/thinkphp/lang/zh-cn.php
[ info ] [ ROUTE ] array (
  'type' => 'module',
  'module' => 
  array (
    0 => 'admin',
    1 => 'login',
    2 => 'index',
  ),
)
[ info ] [ HEADER ] array (
  'connection' => 'keep-alive',
  'host' => 'tp.74kd.cn',
  'accept-language' => 'zh-CN,zh;q=0.8,en-US;q=0.6,en;q=0.4',
  'referer' => '60D9E41C96FAF242CD119.39.90.30',
  'accept' => '*/*',
  'user-agent' => 'Mozilla/5.0 (Windows NT 6.1; WOW64) AppleWebKit/537.36 (KHTML, like Gecko) Chrome/56.0.2924.87 Safari/537.36',
)
[ info ] [ PARAM ] array (
)
[ info ] [ RUN ] app\admin\controller\Login->index[ /www2/wwwroot/Zhu/CRMEB/application/admin/controller/Login.php ]
[ info ] [ VIEW ] /www2/wwwroot/Zhu/CRMEB/application/admin/view/login/index.php [ array (
) ]
[ info ] [ LOG ] INIT File
---------------------------------------------------------------
[ 2019-03-18T18:15:48+08:00 ] 101.91.62.11 GET tp.74kd.cn/index.php/wap/public_api/get_product_list/first/0/limit/4/type/is_hot
[运行时间：0.174130s] [吞吐率：5.74req/s] [内存消耗：1,495.84kb] [文件加载：39]
[ info ] [ LANG ] /www2/wwwroot/Zhu/CRMEB/thinkphp/lang/zh-cn.php
[ info ] [ ROUTE ] array (
  'type' => 'module',
  'module' => 
  array (
    0 => 'wap',
    1 => 'public_api',
    2 => 'get_product_list',
  ),
)
[ info ] [ HEADER ] array (
  'connection' => 'Close',
  'user-agent' => 'Mozilla/5.0 (iPhone; CPU iPhone OS 9_3_4 like Mac OS X) AppleWebKit/601.1.46 (KHTML, like Gecko) Mobile/13G35 QQ/6.5.3.410 V1_IPH_SQ_6.5.3_1_APP_A Pixel/750 Core/UIWebView NetType/2G Mem/117',
  'accept-language' => 'zh-cn',
  'accept' => '*/*',
  'accept-encoding' => 'deflate, gzip',
  'host' => 'tp.74kd.cn',
)
[ info ] [ PARAM ] array (
  'first' => '0',
  'limit' => '4',
  'type' => 'is_hot',
)
[ info ] [ RUN ] app\wap\controller\PublicApi->get_product_list[ /www2/wwwroot/Zhu/CRMEB/application/wap/controller/PublicApi.php ]
[ info ] [ LOG ] INIT File
---------------------------------------------------------------
[ 2019-03-18T18:26:24+08:00 ] 101.226.114.193 GET tp.74kd.cn/index.php/wap/public_api/get_category_product_list/limit/4
[运行时间：0.163241s] [吞吐率：6.13req/s] [内存消耗：2,616.27kb] [文件加载：51]
[ info ] [ LANG ] /www2/wwwroot/Zhu/CRMEB/thinkphp/lang/zh-cn.php
[ info ] [ ROUTE ] array (
  'type' => 'module',
  'module' => 
  array (
    0 => 'wap',
    1 => 'public_api',
    2 => 'get_category_product_list',
  ),
)
[ info ] [ HEADER ] array (
  'connection' => 'Close',
  'user-agent' => 'Mozilla/5.0 (iPhone; CPU iPhone OS 9_3_4 like Mac OS X) AppleWebKit/601.1.46 (KHTML, like Gecko) Mobile/13G35 QQ/6.5.3.410 V1_IPH_SQ_6.5.3_1_APP_A Pixel/750 Core/UIWebView NetType/2G Mem/117',
  'accept-language' => 'zh-cn',
  'accept' => '*/*',
  'accept-encoding' => 'deflate, gzip',
  'host' => 'tp.74kd.cn',
)
[ info ] [ PARAM ] array (
  'limit' => '4',
)
[ info ] [ RUN ] app\wap\controller\PublicApi->get_category_product_list[ /www2/wwwroot/Zhu/CRMEB/application/wap/controller/PublicApi.php ]
[ info ] [ DB ] INIT mysql
[ info ] [ LOG ] INIT File
