---------------------------------------------------------------
[ 2019-03-24T10:22:53+08:00 ] 182.61.136.202 GET tp.74kd.cn/
[运行时间：3.043147s] [吞吐率：0.33req/s] [内存消耗：2,361.17kb] [文件加载：55]
[ info ] [ LANG ] /www2/wwwroot/Zhu/CRMEB/thinkphp/lang/zh-cn.php
[ info ] [ ROUTE ] array (
  'type' => 'module',
  'module' => 
  array (
    0 => '',
    1 => NULL,
    2 => NULL,
  ),
)
[ info ] [ HEADER ] array (
  'user-agent' => 'Mozilla/5.0 (Windows NT 6.1; WOW64) AppleWebKit/537.36 (KHTML, like Gecko) Chrome/55.0.2883.75 Safari/537.36 Maxthon/5.1.5.2000',
  'accept-language' => 'zh-cn',
  'accept' => 'text/html,application/xhtml+xml,application/xml;q=0.9,*/*;q=0.8',
  'accept-encoding' => 'deflate, gzip, null',
  'host' => 'tp.74kd.cn',
)
[ info ] [ PARAM ] array (
)
[ info ] [ SESSION ] INIT array (
  'prefix' => 'admin',
  'type' => '',
  'auto_start' => true,
)
[ info ] [ LOG ] INIT File
---------------------------------------------------------------
[ 2019-03-24T10:22:56+08:00 ] 182.61.136.202 GET tp.74kd.cn/admin/login/index.html
[运行时间：1.710047s] [吞吐率：0.58req/s] [内存消耗：1,813.68kb] [文件加载：49]
[ info ] [ LANG ] /www2/wwwroot/Zhu/CRMEB/thinkphp/lang/zh-cn.php
[ info ] [ ROUTE ] array (
  'type' => 'module',
  'module' => 
  array (
    0 => 'admin',
    1 => 'login',
    2 => 'index',
  ),
)
[ info ] [ HEADER ] array (
  'user-agent' => 'Mozilla/5.0 (Windows NT 6.1; WOW64) AppleWebKit/537.36 (KHTML, like Gecko) Chrome/55.0.2883.75 Safari/537.36 Maxthon/5.1.5.2000',
  'accept-language' => 'zh-cn',
  'accept' => 'text/html,application/xhtml+xml,application/xml;q=0.9,*/*;q=0.8',
  'cookie' => 'PHPSESSID=456b2dvqlljqrhpavne24c9lq4',
  'referer' => 'http://tp.74kd.cn/',
  'accept-encoding' => 'deflate, gzip, null',
  'host' => 'tp.74kd.cn',
)
[ info ] [ PARAM ] array (
)
[ info ] [ RUN ] app\admin\controller\Login->index[ /www2/wwwroot/Zhu/CRMEB/application/admin/controller/Login.php ]
[ info ] [ VIEW ] /www2/wwwroot/Zhu/CRMEB/application/admin/view/login/index.php [ array (
) ]
[ info ] [ LOG ] INIT File
---------------------------------------------------------------
[ 2019-03-24T10:22:59+08:00 ] 182.61.136.202 GET tp.74kd.cn/admin/login/captcha.html
[运行时间：0.955277s] [吞吐率：1.05req/s] [内存消耗：1,812.52kb] [文件加载：48]
[ info ] [ LANG ] /www2/wwwroot/Zhu/CRMEB/thinkphp/lang/zh-cn.php
[ info ] [ ROUTE ] array (
  'type' => 'module',
  'module' => 
  array (
    0 => 'admin',
    1 => 'login',
    2 => 'captcha',
  ),
)
[ info ] [ HEADER ] array (
  'user-agent' => 'Mozilla/5.0 (Windows NT 6.1; WOW64) AppleWebKit/537.36 (KHTML, like Gecko) Chrome/55.0.2883.75 Safari/537.36 Maxthon/5.1.5.2000',
  'referer' => 'http://tp.74kd.cn/admin/login/index.html',
  'accept-language' => 'zh-cn',
  'cookie' => 'PHPSESSID=456b2dvqlljqrhpavne24c9lq4',
  'accept-encoding' => 'deflate, gzip, null',
  'accept' => '*/*',
  'host' => 'tp.74kd.cn',
)
[ info ] [ PARAM ] array (
)
[ info ] [ RUN ] app\admin\controller\Login->captcha[ /www2/wwwroot/Zhu/CRMEB/application/admin/controller/Login.php ]
[ info ] [ SESSION ] INIT array (
  'prefix' => 'admin',
  'type' => '',
  'auto_start' => true,
)
[ info ] [ LOG ] INIT File
